
Current frame: 0
dog, 0.8420029282569885
Bounding box: 
[ Ci = 16.00 ]
[ Pc = 0.84 ]
[ Bx = 62.00 ]
[ By = 188.00 ]
[ Bw = 215.00 ]
[ By = 346.00 ]
toilet, 0.8845763206481934
Bounding box: 
[ Ci = 61.00 ]
[ Pc = 0.88 ]
[ Bx = 267.00 ]
[ By = 40.00 ]
[ Bw = 266.00 ]
[ By = 364.00 ]

--------------------------------

Current frame: 1
dog, 0.8400390148162842
Bounding box: 
[ Ci = 16.00 ]
[ Pc = 0.84 ]
[ Bx = 62.00 ]
[ By = 187.00 ]
[ Bw = 215.00 ]
[ By = 347.00 ]
toilet, 0.8794543743133545
Bounding box: 
[ Ci = 61.00 ]
[ Pc = 0.88 ]
[ Bx = 267.00 ]
[ By = 41.00 ]
[ Bw = 265.00 ]
[ By = 360.00 ]

--------------------------------

Current frame: 2
dog, 0.8405523300170898
Bounding box: 
[ Ci = 16.00 ]
[ Pc = 0.84 ]
[ Bx = 62.00 ]
[ By = 187.00 ]
[ Bw = 215.00 ]
[ By = 347.00 ]
toilet, 0.8732781410217285
Bounding box: 
[ Ci = 61.00 ]
[ Pc = 0.87 ]
[ Bx = 267.00 ]
[ By = 41.00 ]
[ Bw = 266.00 ]
[ By = 360.00 ]

--------------------------------

Current frame: 3
dog, 0.8371949195861816
Bounding box: 
[ Ci = 16.00 ]
[ Pc = 0.84 ]
[ Bx = 62.00 ]
[ By = 187.00 ]
[ Bw = 215.00 ]
[ By = 347.00 ]
toilet, 0.8785104751586914
Bounding box: 
[ Ci = 61.00 ]
[ Pc = 0.88 ]
[ Bx = 267.00 ]
[ By = 41.00 ]
[ Bw = 266.00 ]
[ By = 361.00 ]

--------------------------------

Current frame: 4
dog, 0.8400272727012634
Bounding box: 
[ Ci = 16.00 ]
[ Pc = 0.84 ]
[ Bx = 63.00 ]
[ By = 187.00 ]
[ Bw = 215.00 ]
[ By = 348.00 ]
toilet, 0.8778247237205505
Bounding box: 
[ Ci = 61.00 ]
[ Pc = 0.88 ]
[ Bx = 267.00 ]
[ By = 40.00 ]
[ Bw = 266.00 ]
[ By = 363.00 ]

--------------------------------

Current frame: 5
dog, 0.8283942937850952
Bounding box: 
[ Ci = 16.00 ]
[ Pc = 0.83 ]
[ Bx = 60.00 ]
[ By = 185.00 ]
[ Bw = 221.00 ]
[ By = 346.00 ]
toilet, 0.8758009076118469
Bounding box: 
[ Ci = 61.00 ]
[ Pc = 0.88 ]
[ Bx = 268.00 ]
[ By = 40.00 ]
[ Bw = 262.00 ]
[ By = 358.00 ]
cat, 0.5746718049049377
Bounding box: 
[ Ci = 15.00 ]
[ Pc = 0.57 ]
[ Bx = 201.00 ]
[ By = 177.00 ]
[ Bw = 191.00 ]
[ By = 215.00 ]

--------------------------------

Current frame: 6
dog, 0.8452965021133423
Bounding box: 
[ Ci = 16.00 ]
[ Pc = 0.85 ]
[ Bx = 65.00 ]
[ By = 182.00 ]
[ Bw = 212.00 ]
[ By = 358.00 ]
toilet, 0.818800151348114
Bounding box: 
[ Ci = 61.00 ]
[ Pc = 0.82 ]
[ Bx = 268.00 ]
[ By = 39.00 ]
[ Bw = 262.00 ]
[ By = 364.00 ]
cat, 0.6941429376602173
Bounding box: 
[ Ci = 15.00 ]
[ Pc = 0.69 ]
[ Bx = 204.00 ]
[ By = 176.00 ]
[ Bw = 188.00 ]
[ By = 217.00 ]

--------------------------------

Current frame: 7
dog, 0.9089368581771851
Bounding box: 
[ Ci = 16.00 ]
[ Pc = 0.91 ]
[ Bx = 60.00 ]
[ By = 183.00 ]
[ Bw = 219.00 ]
[ By = 355.00 ]
toilet, 0.9013239145278931
Bounding box: 
[ Ci = 61.00 ]
[ Pc = 0.90 ]
[ Bx = 268.00 ]
[ By = 38.00 ]
[ Bw = 264.00 ]
[ By = 367.00 ]
cat, 0.6101411581039429
Bounding box: 
[ Ci = 15.00 ]
[ Pc = 0.61 ]
[ Bx = 204.00 ]
[ By = 177.00 ]
[ Bw = 191.00 ]
[ By = 216.00 ]

--------------------------------

Current frame: 8
dog, 0.8746074438095093
Bounding box: 
[ Ci = 16.00 ]
[ Pc = 0.87 ]
[ Bx = 61.00 ]
[ By = 183.00 ]
[ Bw = 218.00 ]
[ By = 359.00 ]
toilet, 0.9210039377212524
Bounding box: 
[ Ci = 61.00 ]
[ Pc = 0.92 ]
[ Bx = 269.00 ]
[ By = 37.00 ]
[ Bw = 264.00 ]
[ By = 371.00 ]
cat, 0.5193607807159424
Bounding box: 
[ Ci = 15.00 ]
[ Pc = 0.52 ]
[ Bx = 205.00 ]
[ By = 176.00 ]
[ Bw = 190.00 ]
[ By = 219.00 ]

--------------------------------

Current frame: 9
dog, 0.9091599583625793
Bounding box: 
[ Ci = 16.00 ]
[ Pc = 0.91 ]
[ Bx = 59.00 ]
[ By = 183.00 ]
[ Bw = 224.00 ]
[ By = 359.00 ]
toilet, 0.8739834427833557
Bounding box: 
[ Ci = 61.00 ]
[ Pc = 0.87 ]
[ Bx = 272.00 ]
[ By = 37.00 ]
[ Bw = 257.00 ]
[ By = 366.00 ]

--------------------------------

Current frame: 10
dog, 0.8956687450408936
Bounding box: 
[ Ci = 16.00 ]
[ Pc = 0.90 ]
[ Bx = 58.00 ]
[ By = 184.00 ]
[ Bw = 226.00 ]
[ By = 359.00 ]
toilet, 0.8061543107032776
Bounding box: 
[ Ci = 61.00 ]
[ Pc = 0.81 ]
[ Bx = 270.00 ]
[ By = 39.00 ]
[ Bw = 260.00 ]
[ By = 367.00 ]

--------------------------------

Current frame: 11
dog, 0.9011244177818298
Bounding box: 
[ Ci = 16.00 ]
[ Pc = 0.90 ]
[ Bx = 57.00 ]
[ By = 184.00 ]
[ Bw = 229.00 ]
[ By = 357.00 ]
toilet, 0.8334243297576904
Bounding box: 
[ Ci = 61.00 ]
[ Pc = 0.83 ]
[ Bx = 272.00 ]
[ By = 39.00 ]
[ Bw = 258.00 ]
[ By = 364.00 ]

--------------------------------

Current frame: 12
dog, 0.9058780670166016
Bounding box: 
[ Ci = 16.00 ]
[ Pc = 0.91 ]
[ Bx = 56.00 ]
[ By = 181.00 ]
[ Bw = 231.00 ]
[ By = 355.00 ]
toilet, 0.8611730933189392
Bounding box: 
[ Ci = 61.00 ]
[ Pc = 0.86 ]
[ Bx = 270.00 ]
[ By = 39.00 ]
[ Bw = 262.00 ]
[ By = 365.00 ]

--------------------------------

Current frame: 13
dog, 0.8788761496543884
Bounding box: 
[ Ci = 16.00 ]
[ Pc = 0.88 ]
[ Bx = 59.00 ]
[ By = 184.00 ]
[ Bw = 224.00 ]
[ By = 351.00 ]
toilet, 0.8648386597633362
Bounding box: 
[ Ci = 61.00 ]
[ Pc = 0.86 ]
[ Bx = 271.00 ]
[ By = 40.00 ]
[ Bw = 260.00 ]
[ By = 359.00 ]
cat, 0.6800990700721741
Bounding box: 
[ Ci = 15.00 ]
[ Pc = 0.68 ]
[ Bx = 205.00 ]
[ By = 178.00 ]
[ Bw = 189.00 ]
[ By = 216.00 ]

--------------------------------

Current frame: 14
dog, 0.8824191689491272
Bounding box: 
[ Ci = 16.00 ]
[ Pc = 0.88 ]
[ Bx = 60.00 ]
[ By = 184.00 ]
[ Bw = 222.00 ]
[ By = 351.00 ]
toilet, 0.8452290296554565
Bounding box: 
[ Ci = 61.00 ]
[ Pc = 0.85 ]
[ Bx = 270.00 ]
[ By = 40.00 ]
[ Bw = 262.00 ]
[ By = 357.00 ]
cat, 0.671933114528656
Bounding box: 
[ Ci = 15.00 ]
[ Pc = 0.67 ]
[ Bx = 205.00 ]
[ By = 177.00 ]
[ Bw = 189.00 ]
[ By = 218.00 ]

--------------------------------

Current frame: 15
dog, 0.9045920372009277
Bounding box: 
[ Ci = 16.00 ]
[ Pc = 0.90 ]
[ Bx = 58.00 ]
[ By = 185.00 ]
[ Bw = 226.00 ]
[ By = 353.00 ]
toilet, 0.8782262206077576
Bounding box: 
[ Ci = 61.00 ]
[ Pc = 0.88 ]
[ Bx = 273.00 ]
[ By = 36.00 ]
[ Bw = 257.00 ]
[ By = 364.00 ]
cat, 0.5684435367584229
Bounding box: 
[ Ci = 15.00 ]
[ Pc = 0.57 ]
[ Bx = 203.00 ]
[ By = 176.00 ]
[ Bw = 192.00 ]
[ By = 221.00 ]

--------------------------------

Current frame: 16
dog, 0.9231393933296204
Bounding box: 
[ Ci = 16.00 ]
[ Pc = 0.92 ]
[ Bx = 55.00 ]
[ By = 185.00 ]
[ Bw = 232.00 ]
[ By = 344.00 ]
toilet, 0.8979349136352539
Bounding box: 
[ Ci = 61.00 ]
[ Pc = 0.90 ]
[ Bx = 270.00 ]
[ By = 36.00 ]
[ Bw = 260.00 ]
[ By = 360.00 ]

--------------------------------

Current frame: 17
dog, 0.9488646388053894
Bounding box: 
[ Ci = 16.00 ]
[ Pc = 0.95 ]
[ Bx = 56.00 ]
[ By = 184.00 ]
[ Bw = 231.00 ]
[ By = 349.00 ]
toilet, 0.9076855778694153
Bounding box: 
[ Ci = 61.00 ]
[ Pc = 0.91 ]
[ Bx = 272.00 ]
[ By = 35.00 ]
[ Bw = 257.00 ]
[ By = 368.00 ]
cat, 0.5571212768554688
Bounding box: 
[ Ci = 15.00 ]
[ Pc = 0.56 ]
[ Bx = 202.00 ]
[ By = 173.00 ]
[ Bw = 191.00 ]
[ By = 228.00 ]

--------------------------------

Current frame: 18
dog, 0.9303312301635742
Bounding box: 
[ Ci = 16.00 ]
[ Pc = 0.93 ]
[ Bx = 56.00 ]
[ By = 184.00 ]
[ Bw = 234.00 ]
[ By = 352.00 ]
toilet, 0.8924579620361328
Bounding box: 
[ Ci = 61.00 ]
[ Pc = 0.89 ]
[ Bx = 273.00 ]
[ By = 34.00 ]
[ Bw = 256.00 ]
[ By = 370.00 ]

--------------------------------

Current frame: 19
dog, 0.9417636394500732
Bounding box: 
[ Ci = 16.00 ]
[ Pc = 0.94 ]
[ Bx = 54.00 ]
[ By = 183.00 ]
[ Bw = 232.00 ]
[ By = 345.00 ]
toilet, 0.8427367806434631
Bounding box: 
[ Ci = 61.00 ]
[ Pc = 0.84 ]
[ Bx = 275.00 ]
[ By = 33.00 ]
[ Bw = 253.00 ]
[ By = 376.00 ]

--------------------------------

Current frame: 20
dog, 0.9008961915969849
Bounding box: 
[ Ci = 16.00 ]
[ Pc = 0.90 ]
[ Bx = 55.00 ]
[ By = 177.00 ]
[ Bw = 236.00 ]
[ By = 350.00 ]
toilet, 0.925754189491272
Bounding box: 
[ Ci = 61.00 ]
[ Pc = 0.93 ]
[ Bx = 276.00 ]
[ By = 39.00 ]
[ Bw = 253.00 ]
[ By = 357.00 ]

--------------------------------

Current frame: 21
dog, 0.8083199858665466
Bounding box: 
[ Ci = 16.00 ]
[ Pc = 0.81 ]
[ Bx = 54.00 ]
[ By = 180.00 ]
[ Bw = 233.00 ]
[ By = 347.00 ]
toilet, 0.9138513207435608
Bounding box: 
[ Ci = 61.00 ]
[ Pc = 0.91 ]
[ Bx = 275.00 ]
[ By = 36.00 ]
[ Bw = 254.00 ]
[ By = 366.00 ]
cat, 0.7852399349212646
Bounding box: 
[ Ci = 15.00 ]
[ Pc = 0.79 ]
[ Bx = 206.00 ]
[ By = 193.00 ]
[ Bw = 180.00 ]
[ By = 221.00 ]

--------------------------------

Current frame: 22
dog, 0.9208350777626038
Bounding box: 
[ Ci = 16.00 ]
[ Pc = 0.92 ]
[ Bx = 54.00 ]
[ By = 175.00 ]
[ Bw = 238.00 ]
[ By = 356.00 ]
toilet, 0.9433127045631409
Bounding box: 
[ Ci = 61.00 ]
[ Pc = 0.94 ]
[ Bx = 273.00 ]
[ By = 38.00 ]
[ Bw = 257.00 ]
[ By = 357.00 ]

--------------------------------

Current frame: 23
dog, 0.8479940295219421
Bounding box: 
[ Ci = 16.00 ]
[ Pc = 0.85 ]
[ Bx = 41.00 ]
[ By = 176.00 ]
[ Bw = 231.00 ]
[ By = 350.00 ]
toilet, 0.9123642444610596
Bounding box: 
[ Ci = 61.00 ]
[ Pc = 0.91 ]
[ Bx = 275.00 ]
[ By = 38.00 ]
[ Bw = 254.00 ]
[ By = 352.00 ]
cat, 0.7619037628173828
Bounding box: 
[ Ci = 15.00 ]
[ Pc = 0.76 ]
[ Bx = 210.00 ]
[ By = 189.00 ]
[ Bw = 178.00 ]
[ By = 239.00 ]

--------------------------------

Current frame: 24
toilet, 0.9446862936019897
Bounding box: 
[ Ci = 61.00 ]
[ Pc = 0.94 ]
[ Bx = 276.00 ]
[ By = 42.00 ]
[ Bw = 252.00 ]
[ By = 347.00 ]
cat, 0.8619870543479919
Bounding box: 
[ Ci = 15.00 ]
[ Pc = 0.86 ]
[ Bx = 209.00 ]
[ By = 193.00 ]
[ Bw = 182.00 ]
[ By = 235.00 ]
cat, 0.856151819229126
Bounding box: 
[ Ci = 15.00 ]
[ Pc = 0.86 ]
[ Bx = 52.00 ]
[ By = 176.00 ]
[ Bw = 239.00 ]
[ By = 318.00 ]

--------------------------------

Current frame: 25
toilet, 0.845596194267273
Bounding box: 
[ Ci = 61.00 ]
[ Pc = 0.85 ]
[ Bx = 279.00 ]
[ By = 41.00 ]
[ Bw = 248.00 ]
[ By = 351.00 ]
cat, 0.9241151213645935
Bounding box: 
[ Ci = 15.00 ]
[ Pc = 0.92 ]
[ Bx = 56.00 ]
[ By = 172.00 ]
[ Bw = 231.00 ]
[ By = 353.00 ]

--------------------------------

Current frame: 26
dog, 0.7642579674720764
Bounding box: 
[ Ci = 16.00 ]
[ Pc = 0.76 ]
[ Bx = 59.00 ]
[ By = 171.00 ]
[ Bw = 233.00 ]
[ By = 357.00 ]
toilet, 0.9271457195281982
Bounding box: 
[ Ci = 61.00 ]
[ Pc = 0.93 ]
[ Bx = 276.00 ]
[ By = 43.00 ]
[ Bw = 253.00 ]
[ By = 349.00 ]
cat, 0.5414531826972961
Bounding box: 
[ Ci = 15.00 ]
[ Pc = 0.54 ]
[ Bx = 60.00 ]
[ By = 178.00 ]
[ Bw = 234.00 ]
[ By = 312.00 ]

--------------------------------

Current frame: 27
dog, 0.7895377278327942
Bounding box: 
[ Ci = 16.00 ]
[ Pc = 0.79 ]
[ Bx = 57.00 ]
[ By = 172.00 ]
[ Bw = 238.00 ]
[ By = 353.00 ]
toilet, 0.7917259335517883
Bounding box: 
[ Ci = 61.00 ]
[ Pc = 0.79 ]
[ Bx = 275.00 ]
[ By = 42.00 ]
[ Bw = 254.00 ]
[ By = 351.00 ]

--------------------------------

Current frame: 28
dog, 0.8949522376060486
Bounding box: 
[ Ci = 16.00 ]
[ Pc = 0.89 ]
[ Bx = 61.00 ]
[ By = 171.00 ]
[ Bw = 223.00 ]
[ By = 356.00 ]
toilet, 0.8353071212768555
Bounding box: 
[ Ci = 61.00 ]
[ Pc = 0.84 ]
[ Bx = 276.00 ]
[ By = 42.00 ]
[ Bw = 254.00 ]
[ By = 353.00 ]

--------------------------------

Current frame: 29
dog, 0.9800514578819275
Bounding box: 
[ Ci = 16.00 ]
[ Pc = 0.98 ]
[ Bx = 29.00 ]
[ By = 169.00 ]
[ Bw = 396.00 ]
[ By = 465.00 ]
toilet, 0.8525217771530151
Bounding box: 
[ Ci = 61.00 ]
[ Pc = 0.85 ]
[ Bx = 275.00 ]
[ By = 40.00 ]
[ Bw = 255.00 ]
[ By = 360.00 ]

--------------------------------

Current frame: 30
dog, 0.8031405806541443
Bounding box: 
[ Ci = 16.00 ]
[ Pc = 0.80 ]
[ Bx = 205.00 ]
[ By = 203.00 ]
[ Bw = 188.00 ]
[ By = 330.00 ]
toilet, 0.8901470899581909
Bounding box: 
[ Ci = 61.00 ]
[ Pc = 0.89 ]
[ Bx = 273.00 ]
[ By = 38.00 ]
[ Bw = 259.00 ]
[ By = 366.00 ]

--------------------------------

Current frame: 31
dog, 0.6443758606910706
Bounding box: 
[ Ci = 16.00 ]
[ Pc = 0.64 ]
[ Bx = 19.00 ]
[ By = 87.00 ]
[ Bw = 392.00 ]
[ By = 454.00 ]
toilet, 0.8475937843322754
Bounding box: 
[ Ci = 61.00 ]
[ Pc = 0.85 ]
[ Bx = 275.00 ]
[ By = 36.00 ]
[ Bw = 252.00 ]
[ By = 366.00 ]
cat, 0.5343178510665894
Bounding box: 
[ Ci = 15.00 ]
[ Pc = 0.53 ]
[ Bx = 28.00 ]
[ By = 127.00 ]
[ Bw = 381.00 ]
[ By = 447.00 ]

--------------------------------

Current frame: 32
toilet, 0.7338504195213318
Bounding box: 
[ Ci = 61.00 ]
[ Pc = 0.73 ]
[ Bx = 268.00 ]
[ By = 41.00 ]
[ Bw = 266.00 ]
[ By = 351.00 ]

--------------------------------

Current frame: 33
toilet, 0.8987167477607727
Bounding box: 
[ Ci = 61.00 ]
[ Pc = 0.90 ]
[ Bx = 267.00 ]
[ By = 44.00 ]
[ Bw = 269.00 ]
[ By = 347.00 ]

--------------------------------

Current frame: 34
toilet, 0.7540160417556763
Bounding box: 
[ Ci = 61.00 ]
[ Pc = 0.75 ]
[ Bx = 268.00 ]
[ By = 46.00 ]
[ Bw = 264.00 ]
[ By = 353.00 ]

--------------------------------
